#
# There is insufficient memory for the Java Runtime Environment to continue.
# Native memory allocation (malloc) failed to allocate 32744 bytes for ChunkPool::allocate
# Possible reasons:
#   The system is out of physical RAM or swap space
#   The process is running with CompressedOops enabled, and the Java Heap may be blocking the growth of the native heap
# Possible solutions:
#   Reduce memory load on the system
#   Increase physical memory or swap space
#   Check if swap backing store is full
#   Decrease Java heap size (-Xmx/-Xms)
#   Decrease number of Java threads
#   Decrease Java thread stack sizes (-Xss)
#   Set larger code cache with -XX:ReservedCodeCacheSize=
#   JVM is running with Zero Based Compressed Oops mode in which the Java heap is
#     placed in the first 32GB address space. The Java Heap base address is the
#     maximum limit for the native heap growth. Please use -XX:HeapBaseMinAddress
#     to set the Java Heap base and to place the Java Heap above 32GB virtual address.
# This output file may be truncated or incomplete.
#
#  Out of Memory Error (allocation.cpp:272), pid=30968, tid=0x0000000000006fdc
#
# JRE version: Java(TM) SE Runtime Environment (8.0_311-b11) (build 1.8.0_311-b11)
# Java VM: Java HotSpot(TM) 64-Bit Server VM (25.311-b11 mixed mode windows-amd64 compressed oops)
# Failed to write core dump. Minidumps are not enabled by default on client versions of Windows
#

---------------  T H R E A D  ---------------

Current thread (0x00000139b4e4f800):  JavaThread "C1 CompilerThread11" daemon [_thread_in_native, id=28636, stack(0x0000001e18b00000,0x0000001e18c00000)]

Stack: [0x0000001e18b00000,0x0000001e18c00000]
Native frames: (J=compiled Java code, j=interpreted, Vv=VM code, C=native code)
V  [jvm.dll+0x32f239]


Current CompileTask:
C1:   2427 3347   !   3       java.lang.StringCoding::decode (216 bytes)


---------------  P R O C E S S  ---------------

Java Threads: ( => current thread )
  0x00000139b7bfc000 JavaThread "Thread-2" daemon [_thread_in_native, id=35948, stack(0x0000001e19000000,0x0000001e19100000)]
  0x00000139b7bfb800 JavaThread "Thread-1" daemon [_thread_blocked, id=29268, stack(0x0000001e18f00000,0x0000001e19000000)]
  0x00000139b7c74800 JavaThread "ForkJoinPool.commonPool-worker-25" daemon [_thread_blocked, id=2160, stack(0x0000001e18e00000,0x0000001e18f00000)]
  0x00000139b4e58000 JavaThread "Service Thread" daemon [_thread_blocked, id=12152, stack(0x0000001e18c00000,0x0000001e18d00000)]
=>0x00000139b4e4f800 JavaThread "C1 CompilerThread11" daemon [_thread_in_native, id=28636, stack(0x0000001e18b00000,0x0000001e18c00000)]
  0x00000139b4e54000 JavaThread "C1 CompilerThread10" daemon [_thread_in_native, id=36680, stack(0x0000001e18a00000,0x0000001e18b00000)]
  0x00000139b4e48000 JavaThread "C1 CompilerThread9" daemon [_thread_in_native, id=7800, stack(0x0000001e18900000,0x0000001e18a00000)]
  0x00000139b4e3f000 JavaThread "C1 CompilerThread8" daemon [_thread_in_native, id=29104, stack(0x0000001e18800000,0x0000001e18900000)]
  0x00000139b4e2b000 JavaThread "C2 CompilerThread7" daemon [_thread_in_native, id=35984, stack(0x0000001e18700000,0x0000001e18800000)]
  0x00000139b4e19000 JavaThread "C2 CompilerThread6" daemon [_thread_in_native, id=2072, stack(0x0000001e18600000,0x0000001e18700000)]
  0x00000139b4e10800 JavaThread "C2 CompilerThread5" daemon [_thread_in_native, id=20372, stack(0x0000001e18500000,0x0000001e18600000)]
  0x00000139b4df3800 JavaThread "C2 CompilerThread4" daemon [_thread_in_native, id=24556, stack(0x0000001e18400000,0x0000001e18500000)]
  0x00000139b4de8000 JavaThread "C2 CompilerThread3" daemon [_thread_in_native, id=22004, stack(0x0000001e18300000,0x0000001e18400000)]
  0x00000139b4dbb000 JavaThread "C2 CompilerThread2" daemon [_thread_in_native, id=25232, stack(0x0000001e18200000,0x0000001e18300000)]
  0x00000139b4d8a800 JavaThread "C2 CompilerThread1" daemon [_thread_in_native, id=34088, stack(0x0000001e18100000,0x0000001e18200000)]
  0x00000139b4d84000 JavaThread "C2 CompilerThread0" daemon [_thread_in_native, id=32260, stack(0x0000001e18000000,0x0000001e18100000)]
  0x00000139b4d83000 JavaThread "Attach Listener" daemon [_thread_blocked, id=18380, stack(0x0000001e17f00000,0x0000001e18000000)]
  0x00000139b4d82000 JavaThread "Signal Dispatcher" daemon [_thread_blocked, id=26028, stack(0x0000001e17e00000,0x0000001e17f00000)]
  0x00000139b4d76800 JavaThread "Finalizer" daemon [_thread_blocked, id=4296, stack(0x0000001e17d00000,0x0000001e17e00000)]
  0x00000139b2847000 JavaThread "Reference Handler" daemon [_thread_blocked, id=17024, stack(0x0000001e17c00000,0x0000001e17d00000)]
  0x00000139fb6f2800 JavaThread "main" [_thread_in_Java, id=17000, stack(0x0000001e16800000,0x0000001e16900000)]

Other Threads:
  0x00000139b4d54000 VMThread [stack: 0x0000001e17b00000,0x0000001e17c00000] [id=25624]
  0x00000139b4e5c000 WatcherThread [stack: 0x0000001e18d00000,0x0000001e18e00000] [id=24756]

VM state:not at safepoint (normal execution)

VM Mutex/Monitor currently owned by a thread:  ([mutex/lock_event])
[0x00000139fb6ee6e0] CodeCache_lock - owner thread: 0x00000139b4e3f000
[0x00000139fb6ef9f0] Compile_lock - owner thread: 0x00000139b4e3f000
[0x00000139fb6eee70] MethodCompileQueue_lock - owner thread: 0x00000139b4e3f000

heap address: 0x00000003c0000000, size: 16384 MB, Compressed Oops mode: Zero based, Oop shift amount: 3
Narrow klass base: 0x0000000000000000, Narrow klass shift: 3
Compressed class space size: 1073741824 Address: 0x00000007c0000000

Heap:
 PSYoungGen      total 4893184K, used 503317K [0x000000066ab00000, 0x00000007c0000000, 0x00000007c0000000)
  eden space 4194304K, 12% used [0x000000066ab00000,0x0000000689685580,0x000000076ab00000)
  from space 698880K, 0% used [0x000000076ab00000,0x000000076ab00000,0x0000000795580000)
  to   space 698880K, 0% used [0x0000000795580000,0x0000000795580000,0x00000007c0000000)
 ParOldGen       total 11185152K, used 28658K [0x00000003c0000000, 0x000000066ab00000, 0x000000066ab00000)
  object space 11185152K, 0% used [0x00000003c0000000,0x00000003c1bfc878,0x000000066ab00000)
 Metaspace       used 24036K, capacity 25304K, committed 25648K, reserved 1071104K
  class space    used 3136K, capacity 3541K, committed 3632K, reserved 1048576K

Card table byte_map: [0x00000139fd630000,0x00000139ff640000] byte_map_base: 0x00000139fb830000

Marking Bits: (ParMarkBitMap*) 0x0000000075008030
 Begin Bits: [0x0000013990560000, 0x00000139a0560000)
 End Bits:   [0x00000139a0560000, 0x00000139b0560000)

Polling page: 0x00000139fd240000

CodeCache: size=245760Kb used=11754Kb max_used=11765Kb free=234005Kb
 bounds [0x0000013980000000, 0x0000013980b90000, 0x000001398f000000]
 total_blobs=3871 nmethods=3378 adapters=403
 compilation: enabled

Compilation events (10 events):
Event: 2.423 Thread 0x00000139b4e48000 3358       3       java.util.regex.Pattern::RemoveQEQuoting (346 bytes)
Event: 2.423 Thread 0x00000139b4e3f000 3359       3       java.util.regex.Pattern::expr (142 bytes)
Event: 2.423 Thread 0x00000139b4d84000 3360       4       java.lang.AbstractStringBuilder::append (144 bytes)
Event: 2.424 Thread 0x00000139b4e54000 nmethod 3355 0x0000013980b69a90 code [0x0000013980b69c80, 0x0000013980b6a5e0]
Event: 2.424 Thread 0x00000139b4e54000 3364       1       java.nio.charset.CharsetDecoder::maxCharsPerByte (5 bytes)
Event: 2.424 Thread 0x00000139b4e54000 nmethod 3364 0x0000013980b6aa10 code [0x0000013980b6ab60, 0x0000013980b6ac78]
Event: 2.424 Thread 0x00000139b4e54000 3365       1       java.lang.StringCoding::scale (7 bytes)
Event: 2.424 Thread 0x00000139b4e54000 nmethod 3365 0x0000013980b6acd0 code [0x0000013980b6ae20, 0x0000013980b6af58]
Event: 2.424 Thread 0x00000139b4e54000 3363       3       java.lang.Class::enumConstantDirectory (114 bytes)
Event: 2.424 Thread 0x00000139b4d8a800 3366       4       java.lang.String::codePointAt (36 bytes)

GC Heap History (4 events):
Event: 2.182 GC heap before
{Heap before GC invocations=1 (full 0):
 PSYoungGen      total 4893184K, used 922906K [0x000000066ab00000, 0x00000007c0000000, 0x00000007c0000000)
  eden space 4194304K, 22% used [0x000000066ab00000,0x00000006a30468c0,0x000000076ab00000)
  from space 698880K, 0% used [0x0000000795580000,0x0000000795580000,0x00000007c0000000)
  to   space 698880K, 0% used [0x000000076ab00000,0x000000076ab00000,0x0000000795580000)
 ParOldGen       total 11185152K, used 0K [0x00000003c0000000, 0x000000066ab00000, 0x000000066ab00000)
  object space 11185152K, 0% used [0x00000003c0000000,0x00000003c0000000,0x000000066ab00000)
 Metaspace       used 20255K, capacity 21254K, committed 21296K, reserved 1067008K
  class space    used 2583K, capacity 2830K, committed 2864K, reserved 1048576K
Event: 2.195 GC heap after
Heap after GC invocations=1 (full 0):
 PSYoungGen      total 4893184K, used 29445K [0x000000066ab00000, 0x00000007c0000000, 0x00000007c0000000)
  eden space 4194304K, 0% used [0x000000066ab00000,0x000000066ab00000,0x000000076ab00000)
  from space 698880K, 4% used [0x000000076ab00000,0x000000076c7c16e0,0x0000000795580000)
  to   space 698880K, 0% used [0x0000000795580000,0x0000000795580000,0x00000007c0000000)
 ParOldGen       total 11185152K, used 115K [0x00000003c0000000, 0x000000066ab00000, 0x000000066ab00000)
  object space 11185152K, 0% used [0x00000003c0000000,0x00000003c001cc40,0x000000066ab00000)
 Metaspace       used 20255K, capacity 21254K, committed 21296K, reserved 1067008K
  class space    used 2583K, capacity 2830K, committed 2864K, reserved 1048576K
}
Event: 2.195 GC heap before
{Heap before GC invocations=2 (full 1):
 PSYoungGen      total 4893184K, used 29445K [0x000000066ab00000, 0x00000007c0000000, 0x00000007c0000000)
  eden space 4194304K, 0% used [0x000000066ab00000,0x000000066ab00000,0x000000076ab00000)
  from space 698880K, 4% used [0x000000076ab00000,0x000000076c7c16e0,0x0000000795580000)
  to   space 698880K, 0% used [0x0000000795580000,0x0000000795580000,0x00000007c0000000)
 ParOldGen       total 11185152K, used 115K [0x00000003c0000000, 0x000000066ab00000, 0x000000066ab00000)
  object space 11185152K, 0% used [0x00000003c0000000,0x00000003c001cc40,0x000000066ab00000)
 Metaspace       used 20255K, capacity 21254K, committed 21296K, reserved 1067008K
  class space    used 2583K, capacity 2830K, committed 2864K, reserved 1048576K
Event: 2.225 GC heap after
Heap after GC invocations=2 (full 1):
 PSYoungGen      total 4893184K, used 0K [0x000000066ab00000, 0x00000007c0000000, 0x00000007c0000000)
  eden space 4194304K, 0% used [0x000000066ab00000,0x000000066ab00000,0x000000076ab00000)
  from space 698880K, 0% used [0x000000076ab00000,0x000000076ab00000,0x0000000795580000)
  to   space 698880K, 0% used [0x0000000795580000,0x0000000795580000,0x00000007c0000000)
 ParOldGen       total 11185152K, used 28658K [0x00000003c0000000, 0x000000066ab00000, 0x000000066ab00000)
  object space 11185152K, 0% used [0x00000003c0000000,0x00000003c1bfc878,0x000000066ab00000)
 Metaspace       used 20255K, capacity 21254K, committed 21296K, reserved 1067008K
  class space    used 2583K, capacity 2830K, committed 2864K, reserved 1048576K
}

Deoptimization events (10 events):
Event: 2.259 Thread 0x00000139fb6f2800 Uncommon trap: reason=unstable_if action=reinterpret pc=0x000001398080fbec method=jdk.internal.org.objectweb.asm.Type.getArgumentsAndReturnSizes(Ljava/lang/String;)I @ 41
Event: 2.288 Thread 0x00000139fb6f2800 Uncommon trap: reason=class_check action=maybe_recompile pc=0x00000139808171f0 method=java.util.concurrent.ConcurrentHashMap.putVal(Ljava/lang/Object;Ljava/lang/Object;Z)Ljava/lang/Object; @ 192
Event: 2.335 Thread 0x00000139fb6f2800 Uncommon trap: reason=class_check action=maybe_recompile pc=0x00000139808171f0 method=java.util.concurrent.ConcurrentHashMap.putVal(Ljava/lang/Object;Ljava/lang/Object;Z)Ljava/lang/Object; @ 192
Event: 2.335 Thread 0x00000139fb6f2800 Uncommon trap: reason=class_check action=maybe_recompile pc=0x00000139808171f0 method=java.util.concurrent.ConcurrentHashMap.putVal(Ljava/lang/Object;Ljava/lang/Object;Z)Ljava/lang/Object; @ 192
Event: 2.336 Thread 0x00000139fb6f2800 Uncommon trap: reason=class_check action=maybe_recompile pc=0x00000139808171f0 method=java.util.concurrent.ConcurrentHashMap.putVal(Ljava/lang/Object;Ljava/lang/Object;Z)Ljava/lang/Object; @ 192
Event: 2.391 Thread 0x00000139fb6f2800 Uncommon trap: reason=unstable_if action=reinterpret pc=0x0000013980ab13cc method=org.antlr.v4.runtime.misc.Interval.adjacent(Lorg/antlr/v4/runtime/misc/Interval;)Z @ 10
Event: 2.391 Thread 0x00000139fb6f2800 Uncommon trap: reason=unstable_if action=reinterpret pc=0x0000013980a88508 method=org.antlr.v4.runtime.misc.Interval.adjacent(Lorg/antlr/v4/runtime/misc/Interval;)Z @ 23
Event: 2.391 Thread 0x00000139fb6f2800 Uncommon trap: reason=unstable_if action=reinterpret pc=0x0000013980a97d64 method=org.antlr.v4.runtime.misc.Interval.startsAfterDisjoint(Lorg/antlr/v4/runtime/misc/Interval;)Z @ 8
Event: 2.391 Thread 0x00000139fb6f2800 Uncommon trap: reason=unstable_if action=reinterpret pc=0x0000013980a887cc method=org.antlr.v4.runtime.misc.Interval.equals(Ljava/lang/Object;)Z @ 26
Event: 2.391 Thread 0x00000139fb6f2800 Uncommon trap: reason=unstable_if action=reinterpret pc=0x0000013980a88aa0 method=org.antlr.v4.runtime.misc.Interval.startsBeforeDisjoint(Lorg/antlr/v4/runtime/misc/Interval;)Z @ 8

Classes redefined (0 events):
No events

Internal exceptions (10 events):
Event: 1.895 Thread 0x00000139fb6f2800 Exception <a 'java/lang/NoSuchMethodError': java.lang.Object.lambda$static$0(Ljava/nio/file/Path;Lcom/electronwill/nightconfig/core/ConfigFormat;)Z> (0x000000066f252168) thrown at [C:\jenkins\workspace\8-2-build-windows-amd64-cygwin\jdk8u311\1894\hotspot\
Event: 1.895 Thread 0x00000139fb6f2800 Exception <a 'java/lang/NoSuchMethodError': java.lang.Object.lambda$static$1(Ljava/nio/file/Path;Lcom/electronwill/nightconfig/core/ConfigFormat;)Z> (0x000000066f254a50) thrown at [C:\jenkins\workspace\8-2-build-windows-amd64-cygwin\jdk8u311\1894\hotspot\
Event: 1.895 Thread 0x00000139fb6f2800 Exception <a 'java/lang/NoSuchMethodError': java.lang.Object.lambda$static$2(Ljava/nio/file/Path;Lcom/electronwill/nightconfig/core/ConfigFormat;)Z> (0x000000066f256ca0) thrown at [C:\jenkins\workspace\8-2-build-windows-amd64-cygwin\jdk8u311\1894\hotspot\
Event: 1.896 Thread 0x00000139fb6f2800 Exception <a 'java/lang/IncompatibleClassChangeError': Found class java.lang.Object, but interface was expected> (0x000000066f271708) thrown at [C:\jenkins\workspace\8-2-build-windows-amd64-cygwin\jdk8u311\1894\hotspot\src\share\vm\interpreter\linkResolve
Event: 1.897 Thread 0x00000139fb6f2800 Exception <a 'java/lang/NoSuchMethodError': java.lang.Object.lambda$copyData$3(Ljava/net/URL;Ljava/nio/file/Path;Lcom/electronwill/nightconfig/core/ConfigFormat;)Z> (0x000000066f29b5e8) thrown at [C:\jenkins\workspace\8-2-build-windows-amd64-cygwin\jdk8u3
Event: 1.988 Thread 0x00000139fb6f2800 Implicit null exception at 0x00000139804c8456 to 0x00000139804c87e1
Event: 1.988 Thread 0x00000139fb6f2800 Implicit null exception at 0x0000013980430756 to 0x0000013980430add
Event: 1.990 Thread 0x00000139fb6f2800 Exception <a 'java/lang/NoSuchMethodError': java.lang.Object.lambda$comparing$77a9974f$1(Ljava/util/function/Function;Ljava/lang/Object;Ljava/lang/Object;)I> (0x000000069e56d700) thrown at [C:\jenkins\workspace\8-2-build-windows-amd64-cygwin\jdk8u311\1894
Event: 2.147 Thread 0x00000139fb6f2800 Exception <a 'sun/nio/fs/WindowsException'> (0x00000006a0dcc0b8) thrown at [C:\jenkins\workspace\8-2-build-windows-amd64-cygwin\jdk8u311\1894\hotspot\src\share\vm\prims\jni.cpp, line 710]
Event: 2.147 Thread 0x00000139fb6f2800 Exception <a 'sun/nio/fs/WindowsException'> (0x00000006a0dcc760) thrown at [C:\jenkins\workspace\8-2-build-windows-amd64-cygwin\jdk8u311\1894\hotspot\src\share\vm\prims\jni.cpp, line 710]

Events (10 events):
Event: 2.402 loading class net/minecraftforge/accesstransformer/AccessTransformer
Event: 2.402 loading class net/minecraftforge/accesstransformer/AccessTransformer done
Event: 2.405 loading class net/minecraftforge/accesstransformer/generated/AtParser$ArgumentContext
Event: 2.405 loading class net/minecraftforge/accesstransformer/generated/AtParser$ArgumentContext done
Event: 2.405 loading class org/objectweb/asm/Type
Event: 2.405 loading class org/objectweb/asm/Type done
Event: 2.405 loading class org/objectweb/asm/Type
Event: 2.405 loading class org/objectweb/asm/Type done
Event: 2.413 loading class org/antlr/v4/runtime/ProxyErrorListener
Event: 2.413 loading class org/antlr/v4/runtime/ProxyErrorListener done


Dynamic libraries:
0x00007ff76f3d0000 - 0x00007ff76f417000 	C:\Program Files (x86)\Common Files\Oracle\Java\javapath\java.exe
0x00007ffb64dd0000 - 0x00007ffb64fc5000 	C:\WINDOWS\SYSTEM32\ntdll.dll
0x00007ffb63af0000 - 0x00007ffb63bae000 	C:\WINDOWS\System32\KERNEL32.DLL
0x00007ffb626a0000 - 0x00007ffb62968000 	C:\WINDOWS\System32\KERNELBASE.dll
0x00007ffb64620000 - 0x00007ffb646cc000 	C:\WINDOWS\System32\ADVAPI32.dll
0x00007ffb64cc0000 - 0x00007ffb64d5e000 	C:\WINDOWS\System32\msvcrt.dll
0x00007ffb64870000 - 0x00007ffb6490b000 	C:\WINDOWS\System32\sechost.dll
0x00007ffb64910000 - 0x00007ffb64a3a000 	C:\WINDOWS\System32\RPCRT4.dll
0x00007ffb63bc0000 - 0x00007ffb63d61000 	C:\WINDOWS\System32\USER32.dll
0x00007ffb62b00000 - 0x00007ffb62b22000 	C:\WINDOWS\System32\win32u.dll
0x00007ffb63620000 - 0x00007ffb6364b000 	C:\WINDOWS\System32\GDI32.dll
0x00007ffb62c80000 - 0x00007ffb62d8b000 	C:\WINDOWS\System32\gdi32full.dll
0x00007ffb62b30000 - 0x00007ffb62bcd000 	C:\WINDOWS\System32\msvcp_win.dll
0x00007ffb62550000 - 0x00007ffb62650000 	C:\WINDOWS\System32\ucrtbase.dll
0x00007ffb4ebc0000 - 0x00007ffb4ee5a000 	C:\WINDOWS\WinSxS\amd64_microsoft.windows.common-controls_6595b64144ccf1df_6.0.19041.1110_none_60b5254171f9507e\COMCTL32.dll
0x00007ffb63650000 - 0x00007ffb63680000 	C:\WINDOWS\System32\IMM32.DLL
0x00007ffb52a30000 - 0x00007ffb52a45000 	C:\Program Files\Java\jre1.8.0_311\bin\vcruntime140.dll
0x00007ffad2150000 - 0x00007ffad21eb000 	C:\Program Files\Java\jre1.8.0_311\bin\msvcp140.dll
0x0000000074820000 - 0x0000000075080000 	C:\Program Files\Java\jre1.8.0_311\bin\server\jvm.dll
0x00007ffb63bb0000 - 0x00007ffb63bb8000 	C:\WINDOWS\System32\PSAPI.DLL
0x00007ffb594b0000 - 0x00007ffb594d7000 	C:\WINDOWS\SYSTEM32\WINMM.dll
0x00007ffb3d550000 - 0x00007ffb3d559000 	C:\WINDOWS\SYSTEM32\WSOCK32.dll
0x00007ffb64aa0000 - 0x00007ffb64b0b000 	C:\WINDOWS\System32\WS2_32.dll
0x00007ffb5b7e0000 - 0x00007ffb5b7ea000 	C:\WINDOWS\SYSTEM32\VERSION.dll
0x00007ffb60300000 - 0x00007ffb60312000 	C:\WINDOWS\SYSTEM32\kernel.appcore.dll
0x00007ffb53170000 - 0x00007ffb53180000 	C:\Program Files\Java\jre1.8.0_311\bin\verify.dll
0x00007ffb3c1d0000 - 0x00007ffb3c1fb000 	C:\Program Files\Java\jre1.8.0_311\bin\java.dll
0x00007ffb47700000 - 0x00007ffb47718000 	C:\Program Files\Java\jre1.8.0_311\bin\zip.dll
0x00007ffb62e80000 - 0x00007ffb635bf000 	C:\WINDOWS\System32\SHELL32.dll
0x00007ffb605e0000 - 0x00007ffb60d70000 	C:\WINDOWS\SYSTEM32\windows.storage.dll
0x00007ffb63730000 - 0x00007ffb63a85000 	C:\WINDOWS\System32\combase.dll
0x00007ffb61f10000 - 0x00007ffb61f3e000 	C:\WINDOWS\SYSTEM32\Wldp.dll
0x00007ffb63680000 - 0x00007ffb6372d000 	C:\WINDOWS\System32\SHCORE.dll
0x00007ffb64810000 - 0x00007ffb64865000 	C:\WINDOWS\System32\shlwapi.dll
0x00007ffb62400000 - 0x00007ffb6241f000 	C:\WINDOWS\SYSTEM32\profapi.dll
0x00007ffb4ca50000 - 0x00007ffb4ca5d000 	C:\Program Files\Java\jre1.8.0_311\bin\management.dll
0x00007ffb3c4a0000 - 0x00007ffb3c4bc000 	C:\Program Files\Java\jre1.8.0_311\bin\net.dll
0x00007ffb61c70000 - 0x00007ffb61cda000 	C:\WINDOWS\system32\mswsock.dll
0x00007ffb4ae70000 - 0x00007ffb4ae87000 	C:\WINDOWS\system32\napinsp.dll
0x00007ffb4ad90000 - 0x00007ffb4adab000 	C:\WINDOWS\system32\pnrpnsp.dll
0x00007ffb4ac80000 - 0x00007ffb4ac95000 	C:\WINDOWS\system32\wshbth.dll
0x00007ffb5ddf0000 - 0x00007ffb5de0d000 	C:\WINDOWS\system32\NLAapi.dll
0x00007ffb61910000 - 0x00007ffb6194b000 	C:\WINDOWS\SYSTEM32\IPHLPAPI.DLL
0x00007ffb61960000 - 0x00007ffb61a2b000 	C:\WINDOWS\SYSTEM32\DNSAPI.dll
0x00007ffb64800000 - 0x00007ffb64808000 	C:\WINDOWS\System32\NSI.dll
0x00007ffb4ae30000 - 0x00007ffb4ae42000 	C:\WINDOWS\System32\winrnr.dll
0x00007ffb5b7d0000 - 0x00007ffb5b7da000 	C:\Windows\System32\rasadhlp.dll
0x00007ffb5b2c0000 - 0x00007ffb5b33f000 	C:\WINDOWS\System32\fwpuclnt.dll
0x00007ffb62ad0000 - 0x00007ffb62af7000 	C:\WINDOWS\System32\bcrypt.dll
0x00007ffb3c360000 - 0x00007ffb3c373000 	C:\Program Files\Java\jre1.8.0_311\bin\nio.dll
0x00007ffb3a400000 - 0x00007ffb3a424000 	C:\Program Files\Java\jre1.8.0_311\bin\sunec.dll
0x00007ffb5cd00000 - 0x00007ffb5cd17000 	C:\WINDOWS\SYSTEM32\dhcpcsvc6.DLL
0x00007ffb5ccb0000 - 0x00007ffb5cccd000 	C:\WINDOWS\SYSTEM32\dhcpcsvc.DLL
0x00007ffb61e60000 - 0x00007ffb61e78000 	C:\WINDOWS\SYSTEM32\CRYPTSP.dll
0x00007ffb61580000 - 0x00007ffb615b4000 	C:\WINDOWS\system32\rsaenh.dll
0x00007ffb62380000 - 0x00007ffb623ae000 	C:\WINDOWS\SYSTEM32\USERENV.dll
0x00007ffb624c0000 - 0x00007ffb62543000 	C:\WINDOWS\System32\bcryptprimitives.dll
0x00007ffb61e80000 - 0x00007ffb61e8c000 	C:\WINDOWS\SYSTEM32\CRYPTBASE.dll

VM Arguments:
jvm_args: -Xmx16G -Xms16G 
java_command: forge-1.16.5-36.2.0.jar
java_class_path (initial): forge-1.16.5-36.2.0.jar
Launcher Type: SUN_STANDARD

Environment Variables:
PATH=C:\Program Files (x86)\Common Files\Oracle\Java\javapath;C:\Program Files (x86)\Razer Chroma SDK\bin;C:\Program Files\Razer Chroma SDK\bin;C:\Program Files (x86)\Razer\ChromaBroadcast\bin;C:\Program Files\Razer\ChromaBroadcast\bin;C:\Program Files (x86)\Common Files\Intel\Shared Libraries\redist\intel64_win\compiler;C:\Windows\system32;C:\Windows;C:\Windows\System32\Wbem;C:\Windows\System32\WindowsPowerShell\v1.0\;C:\Windows\System32\OpenSSH\;C:\Program Files\NVIDIA Corporation\NVIDIA NvDLISR;C:\Program Files (x86)\NVIDIA Corporation\PhysX\Common;C:\Program Files\Microsoft SQL Server\130\Tools\Binn\;C:\Program Files\Microsoft SQL Server\Client SDK\ODBC\170\Tools\Binn\;C:\Users\akk5a\AppData\Local\Microsoft\WindowsApps;C:\Users\akk5a\.dotnet\tools;C:\MinGW\bin;C:\Users\akk5a\AppData\Local\Programs\Python\Python38\Scripts\;C:\Users\akk5a\AppData\Local\Programs\Python\Python38\;C:\Users\akk5a\AppData\Local\GitHubDesktop\bin;C:\Program Files\mingw-w64\x86_64-7.2.0-posix-seh-rt_v5-rev1\mingw64\bin;C:\Program Files\mingw-w64\x86_64-7.2.0-posix-seh-rt_v5-rev1\mingw64\x86_64-w64-mingw32\bin;C:\WINDOWS\system32;C:\WINDOWS;C:\WINDOWS\System32\Wbem;C:\WINDOWS\System32\WindowsPowerShell\v1.0\;C:\WINDOWS\System32\OpenSSH\;C:\Program Files\dotnet\;C:\Program Files (x86)\IncrediBuild;C:\Users\akk5a\AppData\Local\Programs\Python\Python38\Scripts\;C:\Users\akk5a\AppData\Local\Programs\Python\Python38\;C:\Users\akk5a\AppData\Local\Microsoft\WindowsApps;C:\Users\akk5a\AppData\Local\GitHubDesktop\bin;C:\Program Files\mingw-w64\x86_64-7.2.0-posix-seh-rt_v5-rev1\mingw64\bin;C:\Program Files\mingw-w64\x86_64-7.2.0-posix-seh-rt_v5-rev1\mingw64\x86_64-w64-mingw32\bin;;C:\Microsoft VS Code\bin;C:\Users\akk5a\AppData\Local\Microsoft\WindowsApps;C:\Users\akk5a\.dotnet\tools
USERNAME=akk5a
OS=Windows_NT
PROCESSOR_IDENTIFIER=AMD64 Family 23 Model 113 Stepping 0, AuthenticAMD



---------------  S Y S T E M  ---------------

OS: Windows 10.0 , 64 bit Build 19041 (10.0.19041.1348)

CPU:total 24 (initial active 24) (24 cores per cpu, 1 threads per core) family 23 model 113 stepping 0, cmov, cx8, fxsr, mmx, sse, sse2, sse3, ssse3, sse4.1, sse4.2, popcnt, avx, avx2, aes, clmul, mmxext, 3dnowpref, lzcnt, sse4a, tsc, tscinvbit, tscinv, bmi1

Memory: 4k page, physical 33481776k(13457636k free), swap 45747988k(5120k free)

vm_info: Java HotSpot(TM) 64-Bit Server VM (25.311-b11) for windows-amd64 JRE (1.8.0_311-b11), built on Sep 27 2021 05:15:14 by "java_re" with MS VC++ 15.9 (VS2017)

time: Wed Nov 17 19:37:38 2021
timezone: RTZ 7 (зима)
elapsed time: 2.430949 seconds (0d 0h 0m 2s)

